c:\documents and settings\Virtuoso\my documents\visual studio 2010\Projects\Lab5\Client\Debug\cl.command.1.tlog
c:\documents and settings\Virtuoso\my documents\visual studio 2010\Projects\Lab5\Client\Debug\CL.read.1.tlog
c:\documents and settings\Virtuoso\my documents\visual studio 2010\Projects\Lab5\Client\Debug\CL.write.1.tlog
C:\DOCUMENTS AND SETTINGS\VIRTUOSO\MY DOCUMENTS\VISUAL STUDIO 2010\PROJECTS\LAB5\CLIENT\DEBUG\CLIENT.EXE.EMBED.MANIFEST
C:\DOCUMENTS AND SETTINGS\VIRTUOSO\MY DOCUMENTS\VISUAL STUDIO 2010\PROJECTS\LAB5\CLIENT\DEBUG\CLIENT.EXE.EMBED.MANIFEST.RES
C:\DOCUMENTS AND SETTINGS\VIRTUOSO\MY DOCUMENTS\VISUAL STUDIO 2010\PROJECTS\LAB5\CLIENT\DEBUG\CLIENT.EXE.INTERMEDIATE.MANIFEST
C:\DOCUMENTS AND SETTINGS\VIRTUOSO\MY DOCUMENTS\VISUAL STUDIO 2010\PROJECTS\LAB5\CLIENT\DEBUG\CLIENT.OBJ
C:\DOCUMENTS AND SETTINGS\VIRTUOSO\MY DOCUMENTS\VISUAL STUDIO 2010\PROJECTS\LAB5\CLIENT\DEBUG\CLIENT.PCH
C:\DOCUMENTS AND SETTINGS\VIRTUOSO\MY DOCUMENTS\VISUAL STUDIO 2010\PROJECTS\LAB5\CLIENT\DEBUG\CLIENT.RES
c:\documents and settings\Virtuoso\my documents\visual studio 2010\Projects\Lab5\Client\Debug\Client_manifest.rc
c:\documents and settings\Virtuoso\my documents\visual studio 2010\Projects\Lab5\Client\Debug\link.command.1.tlog
c:\documents and settings\Virtuoso\my documents\visual studio 2010\Projects\Lab5\Client\Debug\link.read.1.tlog
c:\documents and settings\Virtuoso\my documents\visual studio 2010\Projects\Lab5\Client\Debug\link.write.1.tlog
c:\documents and settings\Virtuoso\my documents\visual studio 2010\Projects\Lab5\Client\Debug\link-cvtres.read.1.tlog
c:\documents and settings\Virtuoso\my documents\visual studio 2010\Projects\Lab5\Client\Debug\link-cvtres.write.1.tlog
c:\documents and settings\Virtuoso\my documents\visual studio 2010\Projects\Lab5\Client\Debug\mt.command.1.tlog
c:\documents and settings\Virtuoso\my documents\visual studio 2010\Projects\Lab5\Client\Debug\mt.read.1.tlog
c:\documents and settings\Virtuoso\my documents\visual studio 2010\Projects\Lab5\Client\Debug\mt.write.1.tlog
c:\documents and settings\Virtuoso\my documents\visual studio 2010\Projects\Lab5\Client\Debug\rc.command.1.tlog
c:\documents and settings\Virtuoso\my documents\visual studio 2010\Projects\Lab5\Client\Debug\rc.read.1.tlog
c:\documents and settings\Virtuoso\my documents\visual studio 2010\Projects\Lab5\Client\Debug\rc.write.1.tlog
C:\DOCUMENTS AND SETTINGS\VIRTUOSO\MY DOCUMENTS\VISUAL STUDIO 2010\PROJECTS\LAB5\CLIENT\DEBUG\STDAFX.OBJ
c:\documents and settings\Virtuoso\my documents\visual studio 2010\Projects\Lab5\Client\Debug\vc100.idb
C:\DOCUMENTS AND SETTINGS\VIRTUOSO\MY DOCUMENTS\VISUAL STUDIO 2010\PROJECTS\LAB5\CLIENT\DEBUG\VC100.PDB
C:\DOCUMENTS AND SETTINGS\VIRTUOSO\MY DOCUMENTS\VISUAL STUDIO 2010\PROJECTS\LAB5\DEBUG\CLIENT.EXE
C:\DOCUMENTS AND SETTINGS\VIRTUOSO\MY DOCUMENTS\VISUAL STUDIO 2010\PROJECTS\LAB5\DEBUG\CLIENT.ILK
C:\DOCUMENTS AND SETTINGS\VIRTUOSO\MY DOCUMENTS\VISUAL STUDIO 2010\PROJECTS\LAB5\DEBUG\CLIENT.PDB
