Build started 4/17/2015 12:09:47 PM.
Project "C:\Documents and Settings\Virtuoso\My Documents\Visual Studio 2010\Projects\Lab5\Client\Client.vcxproj" on node 2 (build target(s)).
InitializeBuildStatus:
  Creating "Debug\Client.unsuccessfulbuild" because "AlwaysCreate" was specified.
ClCompile:
  All outputs are up-to-date.
  C:\Program Files\Microsoft Visual Studio 10.0\VC\bin\CL.exe /c /ZI /nologo /W3 /WX- /Od /Oy- /D WIN32 /D _DEBUG /D _WINDOWS /D _UNICODE /D UNICODE /Gm /EHsc /RTC1 /MDd /GS /fp:precise /Zc:wchar_t /Zc:forScope /Yu"StdAfx.h" /Fp"Debug\Client.pch" /Fo"Debug\\" /Fd"Debug\vc100.pdb" /Gd /TP /analyze- /errorReport:prompt Client.cpp
  Client.cpp
c:\documents and settings\virtuoso\my documents\visual studio 2010\projects\lab5\client\client.cpp(222): warning C4996: 'mbstowcs': This function or variable may be unsafe. Consider using mbstowcs_s instead. To disable deprecation, use _CRT_SECURE_NO_WARNINGS. See online help for details.
          c:\program files\microsoft visual studio 10.0\vc\include\stdlib.h(498) : see declaration of 'mbstowcs'
c:\documents and settings\virtuoso\my documents\visual studio 2010\projects\lab5\client\client.cpp(223): warning C4996: 'mbstowcs': This function or variable may be unsafe. Consider using mbstowcs_s instead. To disable deprecation, use _CRT_SECURE_NO_WARNINGS. See online help for details.
          c:\program files\microsoft visual studio 10.0\vc\include\stdlib.h(498) : see declaration of 'mbstowcs'
c:\documents and settings\virtuoso\my documents\visual studio 2010\projects\lab5\client\client.cpp(230): warning C4996: 'strncpy': This function or variable may be unsafe. Consider using strncpy_s instead. To disable deprecation, use _CRT_SECURE_NO_WARNINGS. See online help for details.
          c:\program files\microsoft visual studio 10.0\vc\include\string.h(188) : see declaration of 'strncpy'
c:\documents and settings\virtuoso\my documents\visual studio 2010\projects\lab5\client\client.cpp(252): warning C4996: 'strncpy': This function or variable may be unsafe. Consider using strncpy_s instead. To disable deprecation, use _CRT_SECURE_NO_WARNINGS. See online help for details.
          c:\program files\microsoft visual studio 10.0\vc\include\string.h(188) : see declaration of 'strncpy'
c:\documents and settings\virtuoso\my documents\visual studio 2010\projects\lab5\client\client.cpp(257): warning C4996: 'strncpy': This function or variable may be unsafe. Consider using strncpy_s instead. To disable deprecation, use _CRT_SECURE_NO_WARNINGS. See online help for details.
          c:\program files\microsoft visual studio 10.0\vc\include\string.h(188) : see declaration of 'strncpy'
c:\documents and settings\virtuoso\my documents\visual studio 2010\projects\lab5\client\client.cpp(263): warning C4996: 'mbstowcs': This function or variable may be unsafe. Consider using mbstowcs_s instead. To disable deprecation, use _CRT_SECURE_NO_WARNINGS. See online help for details.
          c:\program files\microsoft visual studio 10.0\vc\include\stdlib.h(498) : see declaration of 'mbstowcs'
ResourceCompile:
  All outputs are up-to-date.
ManifestResourceCompile:
  All outputs are up-to-date.
Link:
  C:\Program Files\Microsoft Visual Studio 10.0\VC\bin\link.exe /ERRORREPORT:PROMPT /OUT:"C:\Documents and Settings\Virtuoso\My Documents\Visual Studio 2010\Projects\Lab5\Debug\Client.exe" /INCREMENTAL /NOLOGO kernel32.lib user32.lib gdi32.lib winspool.lib comdlg32.lib advapi32.lib shell32.lib ole32.lib oleaut32.lib uuid.lib odbc32.lib odbccp32.lib /MANIFEST /ManifestFile:"Debug\Client.exe.intermediate.manifest" /MANIFESTUAC:"level='asInvoker' uiAccess='false'" /DEBUG /PDB:"C:\Documents and Settings\Virtuoso\My Documents\Visual Studio 2010\Projects\Lab5\Debug\Client.pdb" /SUBSYSTEM:WINDOWS /TLBID:1 /DYNAMICBASE /NXCOMPAT /IMPLIB:"C:\Documents and Settings\Virtuoso\My Documents\Visual Studio 2010\Projects\Lab5\Debug\Client.lib" /MACHINE:X86 Debug\Client.res
  Debug\Client.exe.embed.manifest.res
  Debug\TCPComm.obj
  Debug\Client.obj
  Debug\stdafx.obj
Manifest:
  C:\Program Files\Microsoft SDKs\Windows\v7.0A\bin\mt.exe /nologo /verbose /out:"Debug\Client.exe.embed.manifest" /manifest Debug\Client.exe.intermediate.manifest
  All outputs are up-to-date.
LinkEmbedManifest:
  All outputs are up-to-date.
  Client.vcxproj -> C:\Documents and Settings\Virtuoso\My Documents\Visual Studio 2010\Projects\Lab5\Debug\Client.exe
FinalizeBuildStatus:
  Deleting file "Debug\Client.unsuccessfulbuild".
  Touching "Debug\Client.lastbuildstate".
Done Building Project "C:\Documents and Settings\Virtuoso\My Documents\Visual Studio 2010\Projects\Lab5\Client\Client.vcxproj" (build target(s)).

Build succeeded.

Time Elapsed 00:00:01.62
