Build started 4/17/2015 12:12:36 PM.
Project "C:\Documents and Settings\Virtuoso\My Documents\Visual Studio 2010\Projects\Lab5\Server\Server.vcxproj" on node 2 (build target(s)).
InitializeBuildStatus:
  Touching "Debug\Server.unsuccessfulbuild".
ClCompile:
  All outputs are up-to-date.
  C:\Program Files\Microsoft Visual Studio 10.0\VC\bin\CL.exe /c /I"C:\Program Files\Data Translation\Win32\SDK\Include" /ZI /nologo /W3 /WX- /Od /Oy- /D WIN32 /D _DEBUG /D _WINDOWS /D _UNICODE /D UNICODE /Gm /EHsc /RTC1 /MDd /GS /fp:precise /Zc:wchar_t /Zc:forScope /Yu"StdAfx.h" /Fp"Debug\Server.pch" /Fo"Debug\\" /Fd"Debug\vc100.pdb" /Gd /TP /analyze- /errorReport:prompt Server.cpp
  Server.cpp
c:\documents and settings\virtuoso\my documents\visual studio 2010\projects\lab5\server\server.cpp(237): warning C4996: 'mbstowcs': This function or variable may be unsafe. Consider using mbstowcs_s instead. To disable deprecation, use _CRT_SECURE_NO_WARNINGS. See online help for details.
          c:\program files\microsoft visual studio 10.0\vc\include\stdlib.h(498) : see declaration of 'mbstowcs'
c:\documents and settings\virtuoso\my documents\visual studio 2010\projects\lab5\server\server.cpp(238): warning C4996: 'mbstowcs': This function or variable may be unsafe. Consider using mbstowcs_s instead. To disable deprecation, use _CRT_SECURE_NO_WARNINGS. See online help for details.
          c:\program files\microsoft visual studio 10.0\vc\include\stdlib.h(498) : see declaration of 'mbstowcs'
c:\documents and settings\virtuoso\my documents\visual studio 2010\projects\lab5\server\server.cpp(249): warning C4996: 'mbstowcs': This function or variable may be unsafe. Consider using mbstowcs_s instead. To disable deprecation, use _CRT_SECURE_NO_WARNINGS. See online help for details.
          c:\program files\microsoft visual studio 10.0\vc\include\stdlib.h(498) : see declaration of 'mbstowcs'
c:\documents and settings\virtuoso\my documents\visual studio 2010\projects\lab5\server\server.cpp(250): warning C4996: 'mbstowcs': This function or variable may be unsafe. Consider using mbstowcs_s instead. To disable deprecation, use _CRT_SECURE_NO_WARNINGS. See online help for details.
          c:\program files\microsoft visual studio 10.0\vc\include\stdlib.h(498) : see declaration of 'mbstowcs'
c:\documents and settings\virtuoso\my documents\visual studio 2010\projects\lab5\server\server.cpp(292): warning C4996: 'mbstowcs': This function or variable may be unsafe. Consider using mbstowcs_s instead. To disable deprecation, use _CRT_SECURE_NO_WARNINGS. See online help for details.
          c:\program files\microsoft visual studio 10.0\vc\include\stdlib.h(498) : see declaration of 'mbstowcs'
c:\documents and settings\virtuoso\my documents\visual studio 2010\projects\lab5\server\server.cpp(303): warning C4996: 'mbstowcs': This function or variable may be unsafe. Consider using mbstowcs_s instead. To disable deprecation, use _CRT_SECURE_NO_WARNINGS. See online help for details.
          c:\program files\microsoft visual studio 10.0\vc\include\stdlib.h(498) : see declaration of 'mbstowcs'
c:\documents and settings\virtuoso\my documents\visual studio 2010\projects\lab5\server\server.cpp(342): warning C4996: 'mbstowcs': This function or variable may be unsafe. Consider using mbstowcs_s instead. To disable deprecation, use _CRT_SECURE_NO_WARNINGS. See online help for details.
          c:\program files\microsoft visual studio 10.0\vc\include\stdlib.h(498) : see declaration of 'mbstowcs'
c:\documents and settings\virtuoso\my documents\visual studio 2010\projects\lab5\server\server.cpp(370): warning C4996: 'mbstowcs': This function or variable may be unsafe. Consider using mbstowcs_s instead. To disable deprecation, use _CRT_SECURE_NO_WARNINGS. See online help for details.
          c:\program files\microsoft visual studio 10.0\vc\include\stdlib.h(498) : see declaration of 'mbstowcs'
c:\documents and settings\virtuoso\my documents\visual studio 2010\projects\lab5\server\server.cpp(375): warning C4996: 'mbstowcs': This function or variable may be unsafe. Consider using mbstowcs_s instead. To disable deprecation, use _CRT_SECURE_NO_WARNINGS. See online help for details.
          c:\program files\microsoft visual studio 10.0\vc\include\stdlib.h(498) : see declaration of 'mbstowcs'
c:\documents and settings\virtuoso\my documents\visual studio 2010\projects\lab5\server\server.cpp(329): warning C4101: 'temp2' : unreferenced local variable
ResourceCompile:
  All outputs are up-to-date.
ManifestResourceCompile:
  All outputs are up-to-date.
Link:
  C:\Program Files\Microsoft Visual Studio 10.0\VC\bin\link.exe /ERRORREPORT:PROMPT /OUT:"C:\Documents and Settings\Virtuoso\My Documents\Visual Studio 2010\Projects\Lab5\Debug\Server.exe" /INCREMENTAL /NOLOGO "C:\Program Files\Data Translation\Win32\SDK\Lib\oldaapi32.lib" "C:\Program Files\Data Translation\Win32\SDK\Lib\OLMEM32.lib" kernel32.lib user32.lib gdi32.lib winspool.lib comdlg32.lib advapi32.lib shell32.lib ole32.lib oleaut32.lib uuid.lib odbc32.lib odbccp32.lib /MANIFEST /ManifestFile:"Debug\Server.exe.intermediate.manifest" /MANIFESTUAC:"level='asInvoker' uiAccess='false'" /DEBUG /PDB:"C:\Documents and Settings\Virtuoso\My Documents\Visual Studio 2010\Projects\Lab5\Debug\Server.pdb" /SUBSYSTEM:WINDOWS /TLBID:1 /DYNAMICBASE /NXCOMPAT /IMPLIB:"C:\Documents and Settings\Virtuoso\My Documents\Visual Studio 2010\Projects\Lab5\Debug\Server.lib" /MACHINE:X86 Debug\Server.res
  Debug\Server.exe.embed.manifest.res
  Debug\DTControl.obj
  Debug\Server.obj
  Debug\stdafx.obj
  Debug\TCPComm.obj
Manifest:
  C:\Program Files\Microsoft SDKs\Windows\v7.0A\bin\mt.exe /nologo /verbose /out:"Debug\Server.exe.embed.manifest" /manifest Debug\Server.exe.intermediate.manifest
  All outputs are up-to-date.
LinkEmbedManifest:
  All outputs are up-to-date.
  Server.vcxproj -> C:\Documents and Settings\Virtuoso\My Documents\Visual Studio 2010\Projects\Lab5\Debug\Server.exe
FinalizeBuildStatus:
  Deleting file "Debug\Server.unsuccessfulbuild".
  Touching "Debug\Server.lastbuildstate".
Done Building Project "C:\Documents and Settings\Virtuoso\My Documents\Visual Studio 2010\Projects\Lab5\Server\Server.vcxproj" (build target(s)).

Build succeeded.

Time Elapsed 00:00:01.98
